<?xml version="1.0" encoding="UTF-8"?>
<!-- Generated by org.testng.reporters.JUnitXMLReporter -->
<testsuite ignored="0" hostname="LAPTOP-IFJDGCLM" failures="1" tests="1" name="Test1" time="16.217" errors="0" timestamp="2022-12-09T15:47:02 IST">
  <testcase classname="com.insurance.prac.TestNgPrac1" name="testPrac1" time="0.024">
    <failure type="java.lang.AssertionError" message="null">
      <![CDATA[java.lang.AssertionError: null
at com.insurance.prac.TestNgPrac1.testPrac1(TestNgPrac1.java:13)
at java.base/java.util.ArrayList.forEach(ArrayList.java:1511)
at java.base/java.util.concurrent.FutureTask.run(FutureTask.java:264)
at java.base/java.util.concurrent.ThreadPoolExecutor.runWorker(ThreadPoolExecutor.java:1136)
at java.base/java.util.concurrent.ThreadPoolExecutor$Worker.run(ThreadPoolExecutor.java:635)
at java.base/java.lang.Thread.run(Thread.java:833)
... Removed 18 stack frames]]>
    </failure>
  </testcase> <!-- testPrac1 -->
</testsuite> <!-- Test1 -->
