<?xml version="1.0" encoding="UTF-8"?>
<!-- Generated by org.testng.reporters.JUnitXMLReporter -->
<testsuite ignored="0" hostname="LAPTOP-IFJDGCLM" failures="0" tests="4" name="Test2" time="14.032" errors="0" timestamp="2022-12-09T15:47:00 IST">
  <testcase classname="com.insurance.prac.ExampleDataProvider" name="printCity" time="0.029"/>
  <testcase classname="com.insurance.prac.ExampleDataProvider" name="printCity" time="0.001"/>
  <testcase classname="com.insurance.prac.ExampleDataProvider" name="printCity" time="0.0"/>
  <testcase classname="com.insurance.prac.ExampleDataProvider" name="printCity" time="0.008"/>
</testsuite> <!-- Test2 -->
