<?xml version="1.0" encoding="UTF-8"?>
<!-- Generated by org.testng.reporters.JUnitXMLReporter -->
<testsuite ignored="0" hostname="LAPTOP-IFJDGCLM" failures="0" tests="6" name="Test" time="38.282" errors="0" timestamp="2022-12-15T16:09:59 IST">
  <testcase classname="com.insurance.santum.client.DeleteClientTest" name="deleteClient" time="2.643"/>
  <testcase classname="com.insurance.santum.client.ClientAddPaymentTest" name="clientAddPaymentTest" time="2.968"/>
  <testcase classname="com.insurance.santum.client.EditClientTest" name="editClient" time="2.601"/>
  <testcase classname="com.insurance.santum.client.AddNewNomineeToClientTest" name="addNewNomineeToClientTest" time="3.38"/>
  <testcase classname="com.insurance.santum.client.ClientEditNomineeTest" name="clientEditNominee" time="2.837"/>
  <testcase classname="com.insurance.santum.client.CreateClientTest" name="createClientTest" time="1.902"/>
</testsuite> <!-- Test -->
