<?xml version="1.0" encoding="UTF-8"?>
<testng-results ignored="0" total="1" passed="1" failed="0" skipped="0">
  <reporter-output>
  </reporter-output>
  <suite started-at="2022-12-15T10:27:27 IST" name="Default suite" finished-at="2022-12-15T10:27:27 IST" duration-ms="74">
    <groups>
    </groups>
    <test started-at="2022-12-15T10:27:27 IST" name="Default test" finished-at="2022-12-15T10:27:27 IST" duration-ms="74">
      <class name="com.insurance.prac.FetchDataFromCmd">
        <test-method signature="test()[pri:0, instance:com.insurance.prac.FetchDataFromCmd@7e5afaa6]" started-at="2022-12-15T10:27:27 IST" name="test" finished-at="2022-12-15T10:27:27 IST" duration-ms="10" status="PASS">
          <reporter-output>
          </reporter-output>
        </test-method> <!-- test -->
      </class> <!-- com.insurance.prac.FetchDataFromCmd -->
    </test> <!-- Default test -->
  </suite> <!-- Default suite -->
</testng-results>
