<?xml version="1.0" encoding="UTF-8"?>
<testng-results ignored="0" total="2" passed="2" failed="0" skipped="0">
  <reporter-output>
  </reporter-output>
  <suite started-at="2023-01-13T16:13:09 IST" name="Default suite" finished-at="2023-01-13T16:13:11 IST" duration-ms="2401">
    <groups>
    </groups>
    <test started-at="2023-01-13T16:13:09 IST" name="Default test" finished-at="2023-01-13T16:13:11 IST" duration-ms="2401">
      <class name="com.apitest.CreateProject">
        <test-method is-config="true" signature="bsConfig()[pri:0, instance:com.apitest.CreateProject@4310d43]" started-at="2023-01-13T16:13:07 IST" name="bsConfig" finished-at="2023-01-13T16:13:09 IST" duration-ms="1277" status="PASS">
          <reporter-output>
          </reporter-output>
        </test-method> <!-- bsConfig -->
        <test-method signature="createProjectTest()[pri:1, instance:com.apitest.CreateProject@4310d43]" started-at="2023-01-13T16:13:09 IST" name="createProjectTest" finished-at="2023-01-13T16:13:11 IST" duration-ms="2172" status="PASS">
          <reporter-output>
          </reporter-output>
        </test-method> <!-- createProjectTest -->
        <test-method signature="deleteProject()[pri:0, instance:com.apitest.CreateProject@4310d43]" started-at="2023-01-13T16:13:11 IST" name="deleteProject" finished-at="2023-01-13T16:13:11 IST" depends-on-methods="com.apitest.CreateProject.createProjectTest" duration-ms="193" status="PASS">
          <reporter-output>
          </reporter-output>
        </test-method> <!-- deleteProject -->
        <test-method is-config="true" signature="closeConfig()[pri:0, instance:com.apitest.CreateProject@4310d43]" started-at="2023-01-13T16:13:11 IST" name="closeConfig" finished-at="2023-01-13T16:13:11 IST" duration-ms="7" status="PASS">
          <reporter-output>
          </reporter-output>
        </test-method> <!-- closeConfig -->
      </class> <!-- com.apitest.CreateProject -->
    </test> <!-- Default test -->
  </suite> <!-- Default suite -->
</testng-results>
